[ 2018-10-10T15:30:47+08:00 ] 127.0.0.1 /309/
INFO: [ app_init ] --START--
INFO: Run Behavior\BuildLiteBehavior [ RunTime:0.000000s ]
INFO: [ app_init ] --END-- [ RunTime:0.025001s ]
INFO: [ app_begin ] --START--
INFO: Run Behavior\ReadHtmlCacheBehavior [ RunTime:0.021001s ]
INFO: [ app_begin ] --END-- [ RunTime:0.021001s ]
SQL: SHOW COLUMNS FROM `contactus` [ RunTime:0.0520s ]
SQL: SELECT * FROM `contactus` LIMIT 1   [ RunTime:0.0010s ]
SQL: SHOW COLUMNS FROM `admimg` [ RunTime:0.0340s ]
SQL: SELECT * FROM `admimg` WHERE ( type=1 ) LIMIT 1   [ RunTime:0.0000s ]
SQL: SELECT * FROM `admimg` WHERE ( type=0 )  [ RunTime:0.0010s ]
SQL: SELECT * FROM `admimg` WHERE ( type=10 ) LIMIT 1   [ RunTime:0.0000s ]
SQL: SELECT * FROM `admimg` WHERE ( type=2 ) LIMIT 1   [ RunTime:0.0010s ]
SQL: SELECT * FROM `admimg` WHERE ( type=3 ) LIMIT 1   [ RunTime:0.0000s ]
SQL: SHOW COLUMNS FROM `info` [ RunTime:0.0410s ]
SQL: SELECT `title`,`infoid` FROM `info` ORDER BY dateandtime desc LIMIT 10   [ RunTime:0.0000s ]
SQL: SHOW COLUMNS FROM `academic` [ RunTime:0.0270s ]
SQL: SELECT `title`,`id` FROM `academic` ORDER BY dateandtime desc LIMIT 10   [ RunTime:0.0000s ]
SQL: SHOW COLUMNS FROM `paper` [ RunTime:0.0290s ]
SQL: SELECT `title`,`id` FROM `paper` WHERE ( type=0 ) ORDER BY dateandtime desc LIMIT 10   [ RunTime:0.0000s ]
SQL: SELECT `title`,`id` FROM `paper` WHERE ( type=1 ) ORDER BY dateandtime desc LIMIT 10   [ RunTime:0.0010s ]
INFO: [ view_parse ] --START--
INFO: [ template_filter ] --START--
INFO: Run Behavior\ContentReplaceBehavior [ RunTime:0.009000s ]
INFO: [ template_filter ] --END-- [ RunTime:0.009000s ]
INFO: Run Behavior\ParseTemplateBehavior [ RunTime:0.134008s ]
INFO: [ view_parse ] --END-- [ RunTime:0.134008s ]
INFO: [ view_filter ] --START--
INFO: Run Behavior\WriteHtmlCacheBehavior [ RunTime:0.008000s ]
INFO: [ view_filter ] --END-- [ RunTime:0.008000s ]
INFO: [ app_end ] --START--
INFO: Run Behavior\ShowPageTraceBehavior [ RunTime:0.009001s ]
INFO: [ app_end ] --END-- [ RunTime:0.009001s ]

