[ 2018-10-30T17:54:38+08:00 ] ::1 /309/
INFO: [ app_init ] --START--
INFO: Run Behavior\BuildLiteBehavior [ RunTime:0.000000s ]
INFO: [ app_init ] --END-- [ RunTime:0.016001s ]
INFO: [ app_begin ] --START--
INFO: Run Behavior\ReadHtmlCacheBehavior [ RunTime:0.002001s ]
INFO: [ app_begin ] --END-- [ RunTime:0.002001s ]
SQL: SHOW COLUMNS FROM `contactus` [ RunTime:0.0430s ]
SQL: SELECT * FROM `contactus` LIMIT 1   [ RunTime:0.0000s ]
SQL: SHOW COLUMNS FROM `admimg` [ RunTime:0.0240s ]
SQL: SELECT * FROM `admimg` WHERE ( type=1 ) LIMIT 1   [ RunTime:0.0110s ]
SQL: SELECT * FROM `admimg` WHERE ( type=0 )  [ RunTime:0.0010s ]
SQL: SELECT * FROM `admimg` WHERE ( type=10 ) LIMIT 1   [ RunTime:0.0000s ]
SQL: SELECT * FROM `admimg` WHERE ( type=2 ) LIMIT 1   [ RunTime:0.0010s ]
SQL: SELECT * FROM `admimg` WHERE ( type=3 ) LIMIT 1   [ RunTime:0.0000s ]
SQL: SHOW COLUMNS FROM `info` [ RunTime:0.0140s ]
SQL: SELECT `title`,`infoid` FROM `info` ORDER BY dateandtime desc LIMIT 10   [ RunTime:0.0320s ]
SQL: SHOW COLUMNS FROM `academic` [ RunTime:0.0120s ]
SQL: SELECT `title`,`id` FROM `academic` ORDER BY dateandtime desc LIMIT 10   [ RunTime:0.0010s ]
SQL: SHOW COLUMNS FROM `paper` [ RunTime:0.0120s ]
SQL: SELECT `title`,`id` FROM `paper` WHERE ( type=0 ) ORDER BY dateandtime desc LIMIT 10   [ RunTime:0.0010s ]
SQL: SELECT `title`,`id` FROM `paper` WHERE ( type=1 ) ORDER BY dateandtime desc LIMIT 10   [ RunTime:0.0000s ]
INFO: [ view_parse ] --START--
INFO: [ template_filter ] --START--
INFO: Run Behavior\ContentReplaceBehavior [ RunTime:0.017001s ]
INFO: [ template_filter ] --END-- [ RunTime:0.017001s ]
INFO: Run Behavior\ParseTemplateBehavior [ RunTime:0.033002s ]
INFO: [ view_parse ] --END-- [ RunTime:0.033002s ]
INFO: [ view_filter ] --START--
INFO: Run Behavior\WriteHtmlCacheBehavior [ RunTime:0.002000s ]
INFO: [ view_filter ] --END-- [ RunTime:0.002000s ]
INFO: [ app_end ] --START--
INFO: Run Behavior\ShowPageTraceBehavior [ RunTime:0.004000s ]
INFO: [ app_end ] --END-- [ RunTime:0.004000s ]

[ 2018-10-30T22:43:33+08:00 ] ::1 /309/
INFO: [ app_init ] --START--
INFO: Run Behavior\BuildLiteBehavior [ RunTime:0.000000s ]
INFO: [ app_init ] --END-- [ RunTime:0.001000s ]
INFO: [ app_begin ] --START--
INFO: Run Behavior\ReadHtmlCacheBehavior [ RunTime:0.002000s ]
INFO: [ app_begin ] --END-- [ RunTime:0.002000s ]
SQL: SHOW COLUMNS FROM `contactus` [ RunTime:0.0360s ]
SQL: SELECT * FROM `contactus` LIMIT 1   [ RunTime:0.0000s ]
SQL: SHOW COLUMNS FROM `admimg` [ RunTime:0.0240s ]
SQL: SELECT * FROM `admimg` WHERE ( type=1 ) LIMIT 1   [ RunTime:0.0000s ]
SQL: SELECT * FROM `admimg` WHERE ( type=0 )  [ RunTime:0.0000s ]
SQL: SELECT * FROM `admimg` WHERE ( type=10 ) LIMIT 1   [ RunTime:0.0010s ]
SQL: SELECT * FROM `admimg` WHERE ( type=2 ) LIMIT 1   [ RunTime:0.0000s ]
SQL: SELECT * FROM `admimg` WHERE ( type=3 ) LIMIT 1   [ RunTime:0.0000s ]
SQL: SHOW COLUMNS FROM `info` [ RunTime:0.0060s ]
SQL: SELECT `title`,`infoid` FROM `info` ORDER BY dateandtime desc LIMIT 10   [ RunTime:0.0010s ]
SQL: SHOW COLUMNS FROM `academic` [ RunTime:0.0030s ]
SQL: SELECT `title`,`id` FROM `academic` ORDER BY dateandtime desc LIMIT 10   [ RunTime:0.0000s ]
SQL: SHOW COLUMNS FROM `paper` [ RunTime:0.0040s ]
SQL: SELECT `title`,`id` FROM `paper` WHERE ( type=0 ) ORDER BY dateandtime desc LIMIT 10   [ RunTime:0.0000s ]
SQL: SELECT `title`,`id` FROM `paper` WHERE ( type=1 ) ORDER BY dateandtime desc LIMIT 10   [ RunTime:0.0010s ]
INFO: [ view_parse ] --START--
INFO: [ template_filter ] --START--
INFO: Run Behavior\ContentReplaceBehavior [ RunTime:0.000000s ]
INFO: [ template_filter ] --END-- [ RunTime:0.000000s ]
INFO: Run Behavior\ParseTemplateBehavior [ RunTime:0.017001s ]
INFO: [ view_parse ] --END-- [ RunTime:0.017001s ]
INFO: [ view_filter ] --START--
INFO: Run Behavior\WriteHtmlCacheBehavior [ RunTime:0.001000s ]
INFO: [ view_filter ] --END-- [ RunTime:0.001000s ]
INFO: [ app_end ] --START--
INFO: Run Behavior\ShowPageTraceBehavior [ RunTime:0.002000s ]
INFO: [ app_end ] --END-- [ RunTime:0.002000s ]

