[ 2019-01-04T17:01:39+08:00 ] ::1 /309/
INFO: [ app_init ] --START--
INFO: Run Behavior\BuildLiteBehavior [ RunTime:0.000000s ]
INFO: [ app_init ] --END-- [ RunTime:0.025000s ]
INFO: [ app_begin ] --START--
INFO: Run Behavior\ReadHtmlCacheBehavior [ RunTime:0.010001s ]
INFO: [ app_begin ] --END-- [ RunTime:0.010001s ]
SQL: SHOW COLUMNS FROM `contactus` [ RunTime:0.0900s ]
SQL: SELECT * FROM `contactus` LIMIT 1   [ RunTime:0.0000s ]
SQL: SHOW COLUMNS FROM `admimg` [ RunTime:0.0425s ]
SQL: SELECT * FROM `admimg` WHERE ( type=1 ) LIMIT 1   [ RunTime:0.0025s ]
SQL: SELECT * FROM `admimg` WHERE ( type=0 )  [ RunTime:0.0000s ]
SQL: SELECT * FROM `admimg` WHERE ( type=10 ) LIMIT 1   [ RunTime:0.0000s ]
SQL: SELECT * FROM `admimg` WHERE ( type=2 ) LIMIT 1   [ RunTime:0.0000s ]
SQL: SELECT * FROM `admimg` WHERE ( type=3 ) LIMIT 1   [ RunTime:0.0000s ]
SQL: SHOW COLUMNS FROM `info` [ RunTime:0.0125s ]
SQL: SELECT `title`,`infoid` FROM `info` ORDER BY dateandtime desc LIMIT 7   [ RunTime:0.0000s ]
SQL: SHOW COLUMNS FROM `academic` [ RunTime:0.0100s ]
SQL: SELECT `title`,`id`,`header`,`imgpath`,`dateandtime` FROM `academic` ORDER BY dateandtime desc LIMIT 3   [ RunTime:0.0000s ]
SQL: SHOW COLUMNS FROM `paper` [ RunTime:0.0275s ]
SQL: SELECT `title`,`id` FROM `paper` WHERE ( type=0 ) ORDER BY dateandtime desc LIMIT 7   [ RunTime:0.0025s ]
SQL: SELECT `title`,`id` FROM `paper` WHERE ( type=1 ) ORDER BY dateandtime desc LIMIT 7   [ RunTime:0.0000s ]
INFO: [ view_parse ] --START--
INFO: [ template_filter ] --START--
INFO: Run Behavior\ContentReplaceBehavior [ RunTime:0.010001s ]
INFO: [ template_filter ] --END-- [ RunTime:0.010001s ]
INFO: Run Behavior\ParseTemplateBehavior [ RunTime:0.142502s ]
INFO: [ view_parse ] --END-- [ RunTime:0.142502s ]
INFO: [ view_filter ] --START--
INFO: Run Behavior\WriteHtmlCacheBehavior [ RunTime:0.012500s ]
INFO: [ view_filter ] --END-- [ RunTime:0.012500s ]
INFO: [ app_end ] --START--
INFO: Run Behavior\ShowPageTraceBehavior [ RunTime:0.012500s ]
INFO: [ app_end ] --END-- [ RunTime:0.012500s ]

[ 2019-01-04T17:10:04+08:00 ] ::1 /309/
INFO: [ app_init ] --START--
INFO: Run Behavior\BuildLiteBehavior [ RunTime:0.000000s ]
INFO: [ app_init ] --END-- [ RunTime:0.000000s ]
INFO: [ app_begin ] --START--
INFO: Run Behavior\ReadHtmlCacheBehavior [ RunTime:0.002500s ]
INFO: [ app_begin ] --END-- [ RunTime:0.002500s ]
SQL: SHOW COLUMNS FROM `contactus` [ RunTime:0.0025s ]
SQL: SELECT * FROM `contactus` LIMIT 1   [ RunTime:0.0000s ]
SQL: SHOW COLUMNS FROM `admimg` [ RunTime:0.0075s ]
SQL: SELECT * FROM `admimg` WHERE ( type=1 ) LIMIT 1   [ RunTime:0.0000s ]
SQL: SELECT * FROM `admimg` WHERE ( type=0 )  [ RunTime:0.0025s ]
SQL: SELECT * FROM `admimg` WHERE ( type=10 ) LIMIT 1   [ RunTime:0.0000s ]
SQL: SELECT * FROM `admimg` WHERE ( type=2 ) LIMIT 1   [ RunTime:0.0000s ]
SQL: SELECT * FROM `admimg` WHERE ( type=3 ) LIMIT 1   [ RunTime:0.0000s ]
SQL: SHOW COLUMNS FROM `info` [ RunTime:0.0075s ]
SQL: SELECT `title`,`infoid` FROM `info` ORDER BY dateandtime desc LIMIT 7   [ RunTime:0.0000s ]
SQL: SHOW COLUMNS FROM `academic` [ RunTime:0.0050s ]
SQL: SELECT `title`,`id`,`header`,`imgpath`,`dateandtime` FROM `academic` ORDER BY dateandtime desc LIMIT 3   [ RunTime:0.0000s ]
SQL: SHOW COLUMNS FROM `paper` [ RunTime:0.0075s ]
SQL: SELECT `title`,`id` FROM `paper` WHERE ( type=0 ) ORDER BY dateandtime desc LIMIT 7   [ RunTime:0.0000s ]
SQL: SELECT `title`,`id` FROM `paper` WHERE ( type=1 ) ORDER BY dateandtime desc LIMIT 7   [ RunTime:0.0025s ]
INFO: [ view_parse ] --START--
INFO: [ template_filter ] --START--
INFO: Run Behavior\ContentReplaceBehavior [ RunTime:0.000000s ]
INFO: [ template_filter ] --END-- [ RunTime:0.000000s ]
INFO: Run Behavior\ParseTemplateBehavior [ RunTime:0.020000s ]
INFO: [ view_parse ] --END-- [ RunTime:0.020000s ]
INFO: [ view_filter ] --START--
INFO: Run Behavior\WriteHtmlCacheBehavior [ RunTime:0.002500s ]
INFO: [ view_filter ] --END-- [ RunTime:0.002500s ]
INFO: [ app_end ] --START--
INFO: Run Behavior\ShowPageTraceBehavior [ RunTime:0.000000s ]
INFO: [ app_end ] --END-- [ RunTime:0.002500s ]

[ 2019-01-04T17:44:58+08:00 ] ::1 /309/
INFO: [ app_init ] --START--
INFO: Run Behavior\BuildLiteBehavior [ RunTime:0.000000s ]
INFO: [ app_init ] --END-- [ RunTime:0.000000s ]
INFO: [ app_begin ] --START--
INFO: Run Behavior\ReadHtmlCacheBehavior [ RunTime:0.002500s ]
INFO: [ app_begin ] --END-- [ RunTime:0.002500s ]
SQL: SHOW COLUMNS FROM `contactus` [ RunTime:0.0175s ]
SQL: SELECT * FROM `contactus` LIMIT 1   [ RunTime:0.0000s ]
SQL: SHOW COLUMNS FROM `admimg` [ RunTime:0.0200s ]
SQL: SELECT * FROM `admimg` WHERE ( type=1 ) LIMIT 1   [ RunTime:0.0000s ]
SQL: SELECT * FROM `admimg` WHERE ( type=0 )  [ RunTime:0.0000s ]
SQL: SELECT * FROM `admimg` WHERE ( type=10 ) LIMIT 1   [ RunTime:0.0000s ]
SQL: SELECT * FROM `admimg` WHERE ( type=2 ) LIMIT 1   [ RunTime:0.0000s ]
SQL: SELECT * FROM `admimg` WHERE ( type=3 ) LIMIT 1   [ RunTime:0.0000s ]
SQL: SHOW COLUMNS FROM `info` [ RunTime:0.0050s ]
SQL: SELECT `title`,`infoid` FROM `info` ORDER BY dateandtime desc LIMIT 7   [ RunTime:0.0025s ]
SQL: SHOW COLUMNS FROM `academic` [ RunTime:0.0075s ]
SQL: SELECT `title`,`id`,`header`,`imgpath`,`dateandtime` FROM `academic` ORDER BY dateandtime desc LIMIT 3   [ RunTime:0.0000s ]
SQL: SHOW COLUMNS FROM `paper` [ RunTime:0.0075s ]
SQL: SELECT `title`,`id` FROM `paper` WHERE ( type=0 ) ORDER BY dateandtime desc LIMIT 7   [ RunTime:0.0025s ]
SQL: SELECT `title`,`id` FROM `paper` WHERE ( type=1 ) ORDER BY dateandtime desc LIMIT 7   [ RunTime:0.0000s ]
INFO: [ view_parse ] --START--
INFO: [ template_filter ] --START--
INFO: Run Behavior\ContentReplaceBehavior [ RunTime:0.002500s ]
INFO: [ template_filter ] --END-- [ RunTime:0.002500s ]
INFO: Run Behavior\ParseTemplateBehavior [ RunTime:0.025000s ]
INFO: [ view_parse ] --END-- [ RunTime:0.025000s ]
INFO: [ view_filter ] --START--
INFO: Run Behavior\WriteHtmlCacheBehavior [ RunTime:0.002500s ]
INFO: [ view_filter ] --END-- [ RunTime:0.002500s ]
INFO: [ app_end ] --START--
INFO: Run Behavior\ShowPageTraceBehavior [ RunTime:0.000000s ]
INFO: [ app_end ] --END-- [ RunTime:0.000000s ]

[ 2019-01-04T17:45:18+08:00 ] ::1 /309/index.php?s=Teachers/index
INFO: [ app_init ] --START--
INFO: Run Behavior\BuildLiteBehavior [ RunTime:0.000000s ]
INFO: [ app_init ] --END-- [ RunTime:0.002500s ]
INFO: [ app_begin ] --START--
INFO: Run Behavior\ReadHtmlCacheBehavior [ RunTime:0.002500s ]
INFO: [ app_begin ] --END-- [ RunTime:0.002500s ]
SQL: SHOW COLUMNS FROM `contactus` [ RunTime:0.0050s ]
SQL: SELECT * FROM `contactus` LIMIT 1   [ RunTime:0.0000s ]
SQL: SHOW COLUMNS FROM `admimg` [ RunTime:0.0050s ]
SQL: SELECT * FROM `admimg` WHERE ( type=1 ) LIMIT 1   [ RunTime:0.0000s ]
SQL: SHOW COLUMNS FROM `peopleandbook` [ RunTime:0.0025s ]
SQL: SELECT `name`,`id`,`imgpath` FROM `peopleandbook` WHERE ( type=1 )  [ RunTime:0.0000s ]
INFO: [ view_parse ] --START--
INFO: [ template_filter ] --START--
INFO: Run Behavior\ContentReplaceBehavior [ RunTime:0.000000s ]
INFO: [ template_filter ] --END-- [ RunTime:0.000000s ]
INFO: Run Behavior\ParseTemplateBehavior [ RunTime:0.035000s ]
INFO: [ view_parse ] --END-- [ RunTime:0.035000s ]
INFO: [ view_filter ] --START--
INFO: Run Behavior\WriteHtmlCacheBehavior [ RunTime:0.000000s ]
INFO: [ view_filter ] --END-- [ RunTime:0.000000s ]
INFO: [ app_end ] --START--
INFO: Run Behavior\ShowPageTraceBehavior [ RunTime:0.002500s ]
INFO: [ app_end ] --END-- [ RunTime:0.002500s ]

[ 2019-01-04T17:45:21+08:00 ] ::1 /309/index.php/Teachers/details/cid/9
INFO: [ app_init ] --START--
INFO: Run Behavior\BuildLiteBehavior [ RunTime:0.000000s ]
INFO: [ app_init ] --END-- [ RunTime:0.002500s ]
INFO: [ app_begin ] --START--
INFO: Run Behavior\ReadHtmlCacheBehavior [ RunTime:0.000000s ]
INFO: [ app_begin ] --END-- [ RunTime:0.000000s ]
SQL: SHOW COLUMNS FROM `contactus` [ RunTime:0.0025s ]
SQL: SELECT * FROM `contactus` LIMIT 1   [ RunTime:0.0025s ]
SQL: SHOW COLUMNS FROM `admimg` [ RunTime:0.0025s ]
SQL: SELECT * FROM `admimg` WHERE ( type=1 ) LIMIT 1   [ RunTime:0.0000s ]
SQL: SHOW COLUMNS FROM `peopleandbook` [ RunTime:0.0050s ]
SQL: SELECT * FROM `peopleandbook` WHERE ( id=9 ) LIMIT 1   [ RunTime:0.0000s ]
INFO: [ view_parse ] --START--
INFO: [ template_filter ] --START--
INFO: Run Behavior\ContentReplaceBehavior [ RunTime:0.000000s ]
INFO: [ template_filter ] --END-- [ RunTime:0.000000s ]
INFO: Run Behavior\ParseTemplateBehavior [ RunTime:0.047500s ]
INFO: [ view_parse ] --END-- [ RunTime:0.047500s ]
INFO: [ view_filter ] --START--
INFO: Run Behavior\WriteHtmlCacheBehavior [ RunTime:0.000000s ]
INFO: [ view_filter ] --END-- [ RunTime:0.000000s ]
INFO: [ app_end ] --START--
INFO: Run Behavior\ShowPageTraceBehavior [ RunTime:0.002500s ]
INFO: [ app_end ] --END-- [ RunTime:0.002500s ]

[ 2019-01-04T17:45:53+08:00 ] ::1 /309/index.php/Teachers/details/cid/9
INFO: [ app_init ] --START--
INFO: Run Behavior\BuildLiteBehavior [ RunTime:0.000000s ]
INFO: [ app_init ] --END-- [ RunTime:0.000000s ]
INFO: [ app_begin ] --START--
INFO: Run Behavior\ReadHtmlCacheBehavior [ RunTime:0.002500s ]
INFO: [ app_begin ] --END-- [ RunTime:0.002500s ]
SQL: SHOW COLUMNS FROM `contactus` [ RunTime:0.0050s ]
SQL: SELECT * FROM `contactus` LIMIT 1   [ RunTime:0.0000s ]
SQL: SHOW COLUMNS FROM `admimg` [ RunTime:0.0050s ]
SQL: SELECT * FROM `admimg` WHERE ( type=1 ) LIMIT 1   [ RunTime:0.0000s ]
SQL: SHOW COLUMNS FROM `peopleandbook` [ RunTime:0.0050s ]
SQL: SELECT * FROM `peopleandbook` WHERE ( id=9 ) LIMIT 1   [ RunTime:0.0000s ]
INFO: [ view_parse ] --START--
INFO: [ template_filter ] --START--
INFO: Run Behavior\ContentReplaceBehavior [ RunTime:0.000000s ]
INFO: [ template_filter ] --END-- [ RunTime:0.000000s ]
INFO: Run Behavior\ParseTemplateBehavior [ RunTime:0.010000s ]
INFO: [ view_parse ] --END-- [ RunTime:0.010000s ]
INFO: [ view_filter ] --START--
INFO: Run Behavior\WriteHtmlCacheBehavior [ RunTime:0.000000s ]
INFO: [ view_filter ] --END-- [ RunTime:0.000000s ]
INFO: [ app_end ] --START--
INFO: Run Behavior\ShowPageTraceBehavior [ RunTime:0.000000s ]
INFO: [ app_end ] --END-- [ RunTime:0.000000s ]

[ 2019-01-04T17:45:53+08:00 ] ::1 /309/
INFO: [ app_init ] --START--
INFO: Run Behavior\BuildLiteBehavior [ RunTime:0.000000s ]
INFO: [ app_init ] --END-- [ RunTime:0.000000s ]
INFO: [ app_begin ] --START--
INFO: Run Behavior\ReadHtmlCacheBehavior [ RunTime:0.002500s ]
INFO: [ app_begin ] --END-- [ RunTime:0.002500s ]
SQL: SHOW COLUMNS FROM `contactus` [ RunTime:0.0050s ]
SQL: SELECT * FROM `contactus` LIMIT 1   [ RunTime:0.0000s ]
SQL: SHOW COLUMNS FROM `admimg` [ RunTime:0.0050s ]
SQL: SELECT * FROM `admimg` WHERE ( type=1 ) LIMIT 1   [ RunTime:0.0000s ]
SQL: SELECT * FROM `admimg` WHERE ( type=0 )  [ RunTime:0.0000s ]
SQL: SELECT * FROM `admimg` WHERE ( type=10 ) LIMIT 1   [ RunTime:0.0000s ]
SQL: SELECT * FROM `admimg` WHERE ( type=2 ) LIMIT 1   [ RunTime:0.0000s ]
SQL: SELECT * FROM `admimg` WHERE ( type=3 ) LIMIT 1   [ RunTime:0.0000s ]
SQL: SHOW COLUMNS FROM `info` [ RunTime:0.0050s ]
SQL: SELECT `title`,`infoid` FROM `info` ORDER BY dateandtime desc LIMIT 7   [ RunTime:0.0000s ]
SQL: SHOW COLUMNS FROM `academic` [ RunTime:0.0025s ]
SQL: SELECT `title`,`id`,`header`,`imgpath`,`dateandtime` FROM `academic` ORDER BY dateandtime desc LIMIT 3   [ RunTime:0.0025s ]
SQL: SHOW COLUMNS FROM `paper` [ RunTime:0.0025s ]
SQL: SELECT `title`,`id` FROM `paper` WHERE ( type=0 ) ORDER BY dateandtime desc LIMIT 7   [ RunTime:0.0025s ]
SQL: SELECT `title`,`id` FROM `paper` WHERE ( type=1 ) ORDER BY dateandtime desc LIMIT 7   [ RunTime:0.0000s ]
INFO: [ view_parse ] --START--
INFO: [ template_filter ] --START--
INFO: Run Behavior\ContentReplaceBehavior [ RunTime:0.000000s ]
INFO: [ template_filter ] --END-- [ RunTime:0.000000s ]
INFO: Run Behavior\ParseTemplateBehavior [ RunTime:0.015000s ]
INFO: [ view_parse ] --END-- [ RunTime:0.015000s ]
INFO: [ view_filter ] --START--
INFO: Run Behavior\WriteHtmlCacheBehavior [ RunTime:0.000000s ]
INFO: [ view_filter ] --END-- [ RunTime:0.000000s ]
INFO: [ app_end ] --START--
INFO: Run Behavior\ShowPageTraceBehavior [ RunTime:0.002500s ]
INFO: [ app_end ] --END-- [ RunTime:0.002500s ]

[ 2019-01-04T17:45:54+08:00 ] ::1 /309/index.php?s=Teachers/index
INFO: [ app_init ] --START--
INFO: Run Behavior\BuildLiteBehavior [ RunTime:0.000000s ]
INFO: [ app_init ] --END-- [ RunTime:0.000000s ]
INFO: [ app_begin ] --START--
INFO: Run Behavior\ReadHtmlCacheBehavior [ RunTime:0.000000s ]
INFO: [ app_begin ] --END-- [ RunTime:0.000000s ]
SQL: SHOW COLUMNS FROM `contactus` [ RunTime:0.0050s ]
SQL: SELECT * FROM `contactus` LIMIT 1   [ RunTime:0.0000s ]
SQL: SHOW COLUMNS FROM `admimg` [ RunTime:0.0050s ]
SQL: SELECT * FROM `admimg` WHERE ( type=1 ) LIMIT 1   [ RunTime:0.0000s ]
SQL: SHOW COLUMNS FROM `peopleandbook` [ RunTime:0.0025s ]
SQL: SELECT `name`,`id`,`imgpath` FROM `peopleandbook` WHERE ( type=1 )  [ RunTime:0.0000s ]
INFO: [ view_parse ] --START--
INFO: [ template_filter ] --START--
INFO: Run Behavior\ContentReplaceBehavior [ RunTime:0.000000s ]
INFO: [ template_filter ] --END-- [ RunTime:0.002500s ]
INFO: Run Behavior\ParseTemplateBehavior [ RunTime:0.010000s ]
INFO: [ view_parse ] --END-- [ RunTime:0.010000s ]
INFO: [ view_filter ] --START--
INFO: Run Behavior\WriteHtmlCacheBehavior [ RunTime:0.002501s ]
INFO: [ view_filter ] --END-- [ RunTime:0.002501s ]
INFO: [ app_end ] --START--
INFO: Run Behavior\ShowPageTraceBehavior [ RunTime:0.000000s ]
INFO: [ app_end ] --END-- [ RunTime:0.000000s ]

[ 2019-01-04T17:45:55+08:00 ] ::1 /309/index.php?s=News/index
INFO: [ app_init ] --START--
INFO: Run Behavior\BuildLiteBehavior [ RunTime:0.000000s ]
INFO: [ app_init ] --END-- [ RunTime:0.002500s ]
INFO: [ app_begin ] --START--
INFO: Run Behavior\ReadHtmlCacheBehavior [ RunTime:0.000000s ]
INFO: [ app_begin ] --END-- [ RunTime:0.000000s ]
SQL: SHOW COLUMNS FROM `contactus` [ RunTime:0.0050s ]
SQL: SELECT * FROM `contactus` LIMIT 1   [ RunTime:0.0000s ]
SQL: SHOW COLUMNS FROM `admimg` [ RunTime:0.0025s ]
SQL: SELECT * FROM `admimg` WHERE ( type=1 ) LIMIT 1   [ RunTime:0.0000s ]
SQL: SHOW COLUMNS FROM `news` [ RunTime:0.0200s ]
SQL: SELECT COUNT(*) AS tp_count FROM `news` LIMIT 1   [ RunTime:0.0025s ]
SQL: SELECT `title`,`id`,`dateandtime` FROM `news` ORDER BY dateandtime desc LIMIT 0,30   [ RunTime:0.0000s ]
INFO: [ view_parse ] --START--
INFO: [ template_filter ] --START--
INFO: Run Behavior\ContentReplaceBehavior [ RunTime:0.000000s ]
INFO: [ template_filter ] --END-- [ RunTime:0.000000s ]
INFO: Run Behavior\ParseTemplateBehavior [ RunTime:0.017500s ]
INFO: [ view_parse ] --END-- [ RunTime:0.017500s ]
INFO: [ view_filter ] --START--
INFO: Run Behavior\WriteHtmlCacheBehavior [ RunTime:0.000000s ]
INFO: [ view_filter ] --END-- [ RunTime:0.000000s ]
INFO: [ app_end ] --START--
INFO: Run Behavior\ShowPageTraceBehavior [ RunTime:0.002500s ]
INFO: [ app_end ] --END-- [ RunTime:0.002500s ]

[ 2019-01-04T17:45:57+08:00 ] ::1 /309/index.php?s=Teachers/index
INFO: [ app_init ] --START--
INFO: Run Behavior\BuildLiteBehavior [ RunTime:0.000000s ]
INFO: [ app_init ] --END-- [ RunTime:0.002500s ]
INFO: [ app_begin ] --START--
INFO: Run Behavior\ReadHtmlCacheBehavior [ RunTime:0.002500s ]
INFO: [ app_begin ] --END-- [ RunTime:0.002500s ]
SQL: SHOW COLUMNS FROM `contactus` [ RunTime:0.0050s ]
SQL: SELECT * FROM `contactus` LIMIT 1   [ RunTime:0.0000s ]
SQL: SHOW COLUMNS FROM `admimg` [ RunTime:0.0025s ]
SQL: SELECT * FROM `admimg` WHERE ( type=1 ) LIMIT 1   [ RunTime:0.0025s ]
SQL: SHOW COLUMNS FROM `peopleandbook` [ RunTime:0.0025s ]
SQL: SELECT `name`,`id`,`imgpath` FROM `peopleandbook` WHERE ( type=1 )  [ RunTime:0.0025s ]
INFO: [ view_parse ] --START--
INFO: [ template_filter ] --START--
INFO: Run Behavior\ContentReplaceBehavior [ RunTime:0.000000s ]
INFO: [ template_filter ] --END-- [ RunTime:0.000000s ]
INFO: Run Behavior\ParseTemplateBehavior [ RunTime:0.010000s ]
INFO: [ view_parse ] --END-- [ RunTime:0.010000s ]
INFO: [ view_filter ] --START--
INFO: Run Behavior\WriteHtmlCacheBehavior [ RunTime:0.000000s ]
INFO: [ view_filter ] --END-- [ RunTime:0.000000s ]
INFO: [ app_end ] --START--
INFO: Run Behavior\ShowPageTraceBehavior [ RunTime:0.002500s ]
INFO: [ app_end ] --END-- [ RunTime:0.002500s ]

[ 2019-01-04T17:45:58+08:00 ] ::1 /309/index.php?s=Students/index
INFO: [ app_init ] --START--
INFO: Run Behavior\BuildLiteBehavior [ RunTime:0.000000s ]
INFO: [ app_init ] --END-- [ RunTime:0.000000s ]
INFO: [ app_begin ] --START--
INFO: Run Behavior\ReadHtmlCacheBehavior [ RunTime:0.000000s ]
INFO: [ app_begin ] --END-- [ RunTime:0.000000s ]
SQL: SHOW COLUMNS FROM `contactus` [ RunTime:0.0025s ]
SQL: SELECT * FROM `contactus` LIMIT 1   [ RunTime:0.0000s ]
SQL: SHOW COLUMNS FROM `admimg` [ RunTime:0.0050s ]
SQL: SELECT * FROM `admimg` WHERE ( type=1 ) LIMIT 1   [ RunTime:0.0000s ]
SQL: SHOW COLUMNS FROM `peopleandbook` [ RunTime:0.0025s ]
SQL: SELECT `name`,`id`,`imgpath` FROM `peopleandbook` WHERE ( type=4 )  [ RunTime:0.0000s ]
INFO: [ view_parse ] --START--
INFO: [ template_filter ] --START--
INFO: Run Behavior\ContentReplaceBehavior [ RunTime:0.000000s ]
INFO: [ template_filter ] --END-- [ RunTime:0.000000s ]
INFO: Run Behavior\ParseTemplateBehavior [ RunTime:0.012500s ]
INFO: [ view_parse ] --END-- [ RunTime:0.012500s ]
INFO: [ view_filter ] --START--
INFO: Run Behavior\WriteHtmlCacheBehavior [ RunTime:0.002501s ]
INFO: [ view_filter ] --END-- [ RunTime:0.002501s ]
INFO: [ app_end ] --START--
INFO: Run Behavior\ShowPageTraceBehavior [ RunTime:0.002500s ]
INFO: [ app_end ] --END-- [ RunTime:0.002500s ]

[ 2019-01-04T17:46:02+08:00 ] ::1 /309/index.php?s=Teachers/index
INFO: [ app_init ] --START--
INFO: Run Behavior\BuildLiteBehavior [ RunTime:0.000000s ]
INFO: [ app_init ] --END-- [ RunTime:0.000000s ]
INFO: [ app_begin ] --START--
INFO: Run Behavior\ReadHtmlCacheBehavior [ RunTime:0.000000s ]
INFO: [ app_begin ] --END-- [ RunTime:0.000000s ]
SQL: SHOW COLUMNS FROM `contactus` [ RunTime:0.0025s ]
SQL: SELECT * FROM `contactus` LIMIT 1   [ RunTime:0.0025s ]
SQL: SHOW COLUMNS FROM `admimg` [ RunTime:0.0025s ]
SQL: SELECT * FROM `admimg` WHERE ( type=1 ) LIMIT 1   [ RunTime:0.0000s ]
SQL: SHOW COLUMNS FROM `peopleandbook` [ RunTime:0.0050s ]
SQL: SELECT `name`,`id`,`imgpath` FROM `peopleandbook` WHERE ( type=1 )  [ RunTime:0.0000s ]
INFO: [ view_parse ] --START--
INFO: [ template_filter ] --START--
INFO: Run Behavior\ContentReplaceBehavior [ RunTime:0.000000s ]
INFO: [ template_filter ] --END-- [ RunTime:0.000000s ]
INFO: Run Behavior\ParseTemplateBehavior [ RunTime:0.010000s ]
INFO: [ view_parse ] --END-- [ RunTime:0.010000s ]
INFO: [ view_filter ] --START--
INFO: Run Behavior\WriteHtmlCacheBehavior [ RunTime:0.002500s ]
INFO: [ view_filter ] --END-- [ RunTime:0.002500s ]
INFO: [ app_end ] --START--
INFO: Run Behavior\ShowPageTraceBehavior [ RunTime:0.000000s ]
INFO: [ app_end ] --END-- [ RunTime:0.000000s ]

[ 2019-01-04T17:51:43+08:00 ] ::1 /309/index.php?s=Teachers/index
INFO: [ app_init ] --START--
INFO: Run Behavior\BuildLiteBehavior [ RunTime:0.000000s ]
INFO: [ app_init ] --END-- [ RunTime:0.000000s ]
INFO: [ app_begin ] --START--
INFO: Run Behavior\ReadHtmlCacheBehavior [ RunTime:0.000000s ]
INFO: [ app_begin ] --END-- [ RunTime:0.002500s ]
SQL: SHOW COLUMNS FROM `contactus` [ RunTime:0.0025s ]
SQL: SELECT * FROM `contactus` LIMIT 1   [ RunTime:0.0025s ]
SQL: SHOW COLUMNS FROM `admimg` [ RunTime:0.0025s ]
SQL: SELECT * FROM `admimg` WHERE ( type=1 ) LIMIT 1   [ RunTime:0.0000s ]
SQL: SHOW COLUMNS FROM `peopleandbook` [ RunTime:0.0050s ]
SQL: SELECT `name`,`id`,`imgpath` FROM `peopleandbook` WHERE ( type=1 )  [ RunTime:0.0000s ]
INFO: [ view_parse ] --START--
INFO: [ template_filter ] --START--
INFO: Run Behavior\ContentReplaceBehavior [ RunTime:0.000000s ]
INFO: [ template_filter ] --END-- [ RunTime:0.000000s ]
INFO: Run Behavior\ParseTemplateBehavior [ RunTime:0.017501s ]
INFO: [ view_parse ] --END-- [ RunTime:0.017501s ]
INFO: [ view_filter ] --START--
INFO: Run Behavior\WriteHtmlCacheBehavior [ RunTime:0.000000s ]
INFO: [ view_filter ] --END-- [ RunTime:0.000000s ]
INFO: [ app_end ] --START--
INFO: Run Behavior\ShowPageTraceBehavior [ RunTime:0.000000s ]
INFO: [ app_end ] --END-- [ RunTime:0.000000s ]

[ 2019-01-04T17:51:44+08:00 ] ::1 /309/index.php/Teachers/details/cid/10
INFO: [ app_init ] --START--
INFO: Run Behavior\BuildLiteBehavior [ RunTime:0.000000s ]
INFO: [ app_init ] --END-- [ RunTime:0.000000s ]
INFO: [ app_begin ] --START--
INFO: Run Behavior\ReadHtmlCacheBehavior [ RunTime:0.000000s ]
INFO: [ app_begin ] --END-- [ RunTime:0.000000s ]
SQL: SHOW COLUMNS FROM `contactus` [ RunTime:0.0050s ]
SQL: SELECT * FROM `contactus` LIMIT 1   [ RunTime:0.0000s ]
SQL: SHOW COLUMNS FROM `admimg` [ RunTime:0.0050s ]
SQL: SELECT * FROM `admimg` WHERE ( type=1 ) LIMIT 1   [ RunTime:0.0000s ]
SQL: SHOW COLUMNS FROM `peopleandbook` [ RunTime:0.0050s ]
SQL: SELECT * FROM `peopleandbook` WHERE ( id=10 ) LIMIT 1   [ RunTime:0.0000s ]
INFO: [ view_parse ] --START--
INFO: [ template_filter ] --START--
INFO: Run Behavior\ContentReplaceBehavior [ RunTime:0.000000s ]
INFO: [ template_filter ] --END-- [ RunTime:0.000000s ]
INFO: Run Behavior\ParseTemplateBehavior [ RunTime:0.010000s ]
INFO: [ view_parse ] --END-- [ RunTime:0.010000s ]
INFO: [ view_filter ] --START--
INFO: Run Behavior\WriteHtmlCacheBehavior [ RunTime:0.000000s ]
INFO: [ view_filter ] --END-- [ RunTime:0.000000s ]
INFO: [ app_end ] --START--
INFO: Run Behavior\ShowPageTraceBehavior [ RunTime:0.002500s ]
INFO: [ app_end ] --END-- [ RunTime:0.002500s ]

[ 2019-01-04T17:52:00+08:00 ] ::1 /309/index.php/Teachers/details/cid/10
INFO: [ app_init ] --START--
INFO: Run Behavior\BuildLiteBehavior [ RunTime:0.000000s ]
INFO: [ app_init ] --END-- [ RunTime:0.000000s ]
INFO: [ app_begin ] --START--
INFO: Run Behavior\ReadHtmlCacheBehavior [ RunTime:0.000000s ]
INFO: [ app_begin ] --END-- [ RunTime:0.000000s ]
SQL: SHOW COLUMNS FROM `contactus` [ RunTime:0.0025s ]
SQL: SELECT * FROM `contactus` LIMIT 1   [ RunTime:0.0025s ]
SQL: SHOW COLUMNS FROM `admimg` [ RunTime:0.0025s ]
SQL: SELECT * FROM `admimg` WHERE ( type=1 ) LIMIT 1   [ RunTime:0.0000s ]
SQL: SHOW COLUMNS FROM `peopleandbook` [ RunTime:0.0050s ]
SQL: SELECT * FROM `peopleandbook` WHERE ( id=10 ) LIMIT 1   [ RunTime:0.0000s ]
INFO: [ view_parse ] --START--
INFO: [ template_filter ] --START--
INFO: Run Behavior\ContentReplaceBehavior [ RunTime:0.000000s ]
INFO: [ template_filter ] --END-- [ RunTime:0.000000s ]
INFO: Run Behavior\ParseTemplateBehavior [ RunTime:0.012501s ]
INFO: [ view_parse ] --END-- [ RunTime:0.012501s ]
INFO: [ view_filter ] --START--
INFO: Run Behavior\WriteHtmlCacheBehavior [ RunTime:0.000000s ]
INFO: [ view_filter ] --END-- [ RunTime:0.000000s ]
INFO: [ app_end ] --START--
INFO: Run Behavior\ShowPageTraceBehavior [ RunTime:0.002500s ]
INFO: [ app_end ] --END-- [ RunTime:0.002500s ]

[ 2019-01-04T17:52:01+08:00 ] ::1 /309/index.php?s=Teachers/index
INFO: [ app_init ] --START--
INFO: Run Behavior\BuildLiteBehavior [ RunTime:0.000000s ]
INFO: [ app_init ] --END-- [ RunTime:0.002500s ]
INFO: [ app_begin ] --START--
INFO: Run Behavior\ReadHtmlCacheBehavior [ RunTime:0.000000s ]
INFO: [ app_begin ] --END-- [ RunTime:0.000000s ]
SQL: SHOW COLUMNS FROM `contactus` [ RunTime:0.0075s ]
SQL: SELECT * FROM `contactus` LIMIT 1   [ RunTime:0.0000s ]
SQL: SHOW COLUMNS FROM `admimg` [ RunTime:0.0025s ]
SQL: SELECT * FROM `admimg` WHERE ( type=1 ) LIMIT 1   [ RunTime:0.0025s ]
SQL: SHOW COLUMNS FROM `peopleandbook` [ RunTime:0.0025s ]
SQL: SELECT `name`,`id`,`imgpath` FROM `peopleandbook` WHERE ( type=1 )  [ RunTime:0.0000s ]
INFO: [ view_parse ] --START--
INFO: [ template_filter ] --START--
INFO: Run Behavior\ContentReplaceBehavior [ RunTime:0.000000s ]
INFO: [ template_filter ] --END-- [ RunTime:0.000000s ]
INFO: Run Behavior\ParseTemplateBehavior [ RunTime:0.012500s ]
INFO: [ view_parse ] --END-- [ RunTime:0.012500s ]
INFO: [ view_filter ] --START--
INFO: Run Behavior\WriteHtmlCacheBehavior [ RunTime:0.000000s ]
INFO: [ view_filter ] --END-- [ RunTime:0.000000s ]
INFO: [ app_end ] --START--
INFO: Run Behavior\ShowPageTraceBehavior [ RunTime:0.000000s ]
INFO: [ app_end ] --END-- [ RunTime:0.000000s ]

[ 2019-01-04T17:52:01+08:00 ] ::1 /309/index.php?s=Teachers/index
INFO: [ app_init ] --START--
INFO: Run Behavior\BuildLiteBehavior [ RunTime:0.000000s ]
INFO: [ app_init ] --END-- [ RunTime:0.000000s ]
INFO: [ app_begin ] --START--
INFO: Run Behavior\ReadHtmlCacheBehavior [ RunTime:0.000000s ]
INFO: [ app_begin ] --END-- [ RunTime:0.000000s ]
SQL: SHOW COLUMNS FROM `contactus` [ RunTime:0.0025s ]
SQL: SELECT * FROM `contactus` LIMIT 1   [ RunTime:0.0000s ]
SQL: SHOW COLUMNS FROM `admimg` [ RunTime:0.0025s ]
SQL: SELECT * FROM `admimg` WHERE ( type=1 ) LIMIT 1   [ RunTime:0.0000s ]
SQL: SHOW COLUMNS FROM `peopleandbook` [ RunTime:0.0050s ]
SQL: SELECT `name`,`id`,`imgpath` FROM `peopleandbook` WHERE ( type=1 )  [ RunTime:0.0000s ]
INFO: [ view_parse ] --START--
INFO: [ template_filter ] --START--
INFO: Run Behavior\ContentReplaceBehavior [ RunTime:0.000000s ]
INFO: [ template_filter ] --END-- [ RunTime:0.000000s ]
INFO: Run Behavior\ParseTemplateBehavior [ RunTime:0.012500s ]
INFO: [ view_parse ] --END-- [ RunTime:0.012500s ]
INFO: [ view_filter ] --START--
INFO: Run Behavior\WriteHtmlCacheBehavior [ RunTime:0.000000s ]
INFO: [ view_filter ] --END-- [ RunTime:0.002500s ]
INFO: [ app_end ] --START--
INFO: Run Behavior\ShowPageTraceBehavior [ RunTime:0.000000s ]
INFO: [ app_end ] --END-- [ RunTime:0.000000s ]

[ 2019-01-04T17:52:03+08:00 ] ::1 /309/index.php/Teachers/details/cid/11
INFO: [ app_init ] --START--
INFO: Run Behavior\BuildLiteBehavior [ RunTime:0.000000s ]
INFO: [ app_init ] --END-- [ RunTime:0.000000s ]
INFO: [ app_begin ] --START--
INFO: Run Behavior\ReadHtmlCacheBehavior [ RunTime:0.002500s ]
INFO: [ app_begin ] --END-- [ RunTime:0.002500s ]
SQL: SHOW COLUMNS FROM `contactus` [ RunTime:0.0050s ]
SQL: SELECT * FROM `contactus` LIMIT 1   [ RunTime:0.0000s ]
SQL: SHOW COLUMNS FROM `admimg` [ RunTime:0.0025s ]
SQL: SELECT * FROM `admimg` WHERE ( type=1 ) LIMIT 1   [ RunTime:0.0025s ]
SQL: SHOW COLUMNS FROM `peopleandbook` [ RunTime:0.0025s ]
SQL: SELECT * FROM `peopleandbook` WHERE ( id=11 ) LIMIT 1   [ RunTime:0.0000s ]
INFO: [ view_parse ] --START--
INFO: [ template_filter ] --START--
INFO: Run Behavior\ContentReplaceBehavior [ RunTime:0.000000s ]
INFO: [ template_filter ] --END-- [ RunTime:0.000000s ]
INFO: Run Behavior\ParseTemplateBehavior [ RunTime:0.007500s ]
INFO: [ view_parse ] --END-- [ RunTime:0.007500s ]
INFO: [ view_filter ] --START--
INFO: Run Behavior\WriteHtmlCacheBehavior [ RunTime:0.002500s ]
INFO: [ view_filter ] --END-- [ RunTime:0.002500s ]
INFO: [ app_end ] --START--
INFO: Run Behavior\ShowPageTraceBehavior [ RunTime:0.000000s ]
INFO: [ app_end ] --END-- [ RunTime:0.000000s ]

[ 2019-01-04T17:52:18+08:00 ] ::1 /309/index.php?s=Teachers/index
INFO: [ app_init ] --START--
INFO: Run Behavior\BuildLiteBehavior [ RunTime:0.000000s ]
INFO: [ app_init ] --END-- [ RunTime:0.000000s ]
INFO: [ app_begin ] --START--
INFO: Run Behavior\ReadHtmlCacheBehavior [ RunTime:0.002500s ]
INFO: [ app_begin ] --END-- [ RunTime:0.002500s ]
SQL: SHOW COLUMNS FROM `contactus` [ RunTime:0.0025s ]
SQL: SELECT * FROM `contactus` LIMIT 1   [ RunTime:0.0000s ]
SQL: SHOW COLUMNS FROM `admimg` [ RunTime:0.0025s ]
SQL: SELECT * FROM `admimg` WHERE ( type=1 ) LIMIT 1   [ RunTime:0.0000s ]
SQL: SHOW COLUMNS FROM `peopleandbook` [ RunTime:0.0050s ]
SQL: SELECT `name`,`id`,`imgpath` FROM `peopleandbook` WHERE ( type=1 )  [ RunTime:0.0000s ]
INFO: [ view_parse ] --START--
INFO: [ template_filter ] --START--
INFO: Run Behavior\ContentReplaceBehavior [ RunTime:0.000000s ]
INFO: [ template_filter ] --END-- [ RunTime:0.000000s ]
INFO: Run Behavior\ParseTemplateBehavior [ RunTime:0.012500s ]
INFO: [ view_parse ] --END-- [ RunTime:0.012500s ]
INFO: [ view_filter ] --START--
INFO: Run Behavior\WriteHtmlCacheBehavior [ RunTime:0.000000s ]
INFO: [ view_filter ] --END-- [ RunTime:0.000000s ]
INFO: [ app_end ] --START--
INFO: Run Behavior\ShowPageTraceBehavior [ RunTime:0.000000s ]
INFO: [ app_end ] --END-- [ RunTime:0.000000s ]

[ 2019-01-04T17:52:19+08:00 ] ::1 /309/index.php?s=Teachers/index
INFO: [ app_init ] --START--
INFO: Run Behavior\BuildLiteBehavior [ RunTime:0.000000s ]
INFO: [ app_init ] --END-- [ RunTime:0.000000s ]
INFO: [ app_begin ] --START--
INFO: Run Behavior\ReadHtmlCacheBehavior [ RunTime:0.000000s ]
INFO: [ app_begin ] --END-- [ RunTime:0.000000s ]
SQL: SHOW COLUMNS FROM `contactus` [ RunTime:0.0025s ]
SQL: SELECT * FROM `contactus` LIMIT 1   [ RunTime:0.0025s ]
SQL: SHOW COLUMNS FROM `admimg` [ RunTime:0.0050s ]
SQL: SELECT * FROM `admimg` WHERE ( type=1 ) LIMIT 1   [ RunTime:0.0000s ]
SQL: SHOW COLUMNS FROM `peopleandbook` [ RunTime:0.0025s ]
SQL: SELECT `name`,`id`,`imgpath` FROM `peopleandbook` WHERE ( type=1 )  [ RunTime:0.0025s ]
INFO: [ view_parse ] --START--
INFO: [ template_filter ] --START--
INFO: Run Behavior\ContentReplaceBehavior [ RunTime:0.000000s ]
INFO: [ template_filter ] --END-- [ RunTime:0.002500s ]
INFO: Run Behavior\ParseTemplateBehavior [ RunTime:0.010000s ]
INFO: [ view_parse ] --END-- [ RunTime:0.010000s ]
INFO: [ view_filter ] --START--
INFO: Run Behavior\WriteHtmlCacheBehavior [ RunTime:0.002500s ]
INFO: [ view_filter ] --END-- [ RunTime:0.002500s ]
INFO: [ app_end ] --START--
INFO: Run Behavior\ShowPageTraceBehavior [ RunTime:0.000000s ]
INFO: [ app_end ] --END-- [ RunTime:0.000000s ]

[ 2019-01-04T17:52:20+08:00 ] ::1 /309/index.php/Teachers/details/cid/11
INFO: [ app_init ] --START--
INFO: Run Behavior\BuildLiteBehavior [ RunTime:0.000000s ]
INFO: [ app_init ] --END-- [ RunTime:0.002500s ]
INFO: [ app_begin ] --START--
INFO: Run Behavior\ReadHtmlCacheBehavior [ RunTime:0.000000s ]
INFO: [ app_begin ] --END-- [ RunTime:0.000000s ]
SQL: SHOW COLUMNS FROM `contactus` [ RunTime:0.0025s ]
SQL: SELECT * FROM `contactus` LIMIT 1   [ RunTime:0.0000s ]
SQL: SHOW COLUMNS FROM `admimg` [ RunTime:0.0025s ]
SQL: SELECT * FROM `admimg` WHERE ( type=1 ) LIMIT 1   [ RunTime:0.0000s ]
SQL: SHOW COLUMNS FROM `peopleandbook` [ RunTime:0.0050s ]
SQL: SELECT * FROM `peopleandbook` WHERE ( id=11 ) LIMIT 1   [ RunTime:0.0000s ]
INFO: [ view_parse ] --START--
INFO: [ template_filter ] --START--
INFO: Run Behavior\ContentReplaceBehavior [ RunTime:0.000000s ]
INFO: [ template_filter ] --END-- [ RunTime:0.000000s ]
INFO: Run Behavior\ParseTemplateBehavior [ RunTime:0.010000s ]
INFO: [ view_parse ] --END-- [ RunTime:0.010000s ]
INFO: [ view_filter ] --START--
INFO: Run Behavior\WriteHtmlCacheBehavior [ RunTime:0.000000s ]
INFO: [ view_filter ] --END-- [ RunTime:0.000000s ]
INFO: [ app_end ] --START--
INFO: Run Behavior\ShowPageTraceBehavior [ RunTime:0.002501s ]
INFO: [ app_end ] --END-- [ RunTime:0.002501s ]

[ 2019-01-04T17:53:13+08:00 ] ::1 /309/index.php/Teachers/details/cid/11
INFO: [ app_init ] --START--
INFO: Run Behavior\BuildLiteBehavior [ RunTime:0.000000s ]
INFO: [ app_init ] --END-- [ RunTime:0.000000s ]
INFO: [ app_begin ] --START--
INFO: Run Behavior\ReadHtmlCacheBehavior [ RunTime:0.000000s ]
INFO: [ app_begin ] --END-- [ RunTime:0.000000s ]
SQL: SHOW COLUMNS FROM `contactus` [ RunTime:0.0050s ]
SQL: SELECT * FROM `contactus` LIMIT 1   [ RunTime:0.0000s ]
SQL: SHOW COLUMNS FROM `admimg` [ RunTime:0.0050s ]
SQL: SELECT * FROM `admimg` WHERE ( type=1 ) LIMIT 1   [ RunTime:0.0025s ]
SQL: SHOW COLUMNS FROM `peopleandbook` [ RunTime:0.0050s ]
SQL: SELECT * FROM `peopleandbook` WHERE ( id=11 ) LIMIT 1   [ RunTime:0.0000s ]
INFO: [ view_parse ] --START--
INFO: [ template_filter ] --START--
INFO: Run Behavior\ContentReplaceBehavior [ RunTime:0.000000s ]
INFO: [ template_filter ] --END-- [ RunTime:0.000000s ]
INFO: Run Behavior\ParseTemplateBehavior [ RunTime:0.015001s ]
INFO: [ view_parse ] --END-- [ RunTime:0.015001s ]
INFO: [ view_filter ] --START--
INFO: Run Behavior\WriteHtmlCacheBehavior [ RunTime:0.000000s ]
INFO: [ view_filter ] --END-- [ RunTime:0.000000s ]
INFO: [ app_end ] --START--
INFO: Run Behavior\ShowPageTraceBehavior [ RunTime:0.002500s ]
INFO: [ app_end ] --END-- [ RunTime:0.002500s ]

[ 2019-01-04T17:53:19+08:00 ] ::1 /309/index.php/Teachers/details/cid/11
INFO: [ app_init ] --START--
INFO: Run Behavior\BuildLiteBehavior [ RunTime:0.000000s ]
INFO: [ app_init ] --END-- [ RunTime:0.000000s ]
INFO: [ app_begin ] --START--
INFO: Run Behavior\ReadHtmlCacheBehavior [ RunTime:0.002500s ]
INFO: [ app_begin ] --END-- [ RunTime:0.002500s ]
SQL: SHOW COLUMNS FROM `contactus` [ RunTime:0.0050s ]
SQL: SELECT * FROM `contactus` LIMIT 1   [ RunTime:0.0000s ]
SQL: SHOW COLUMNS FROM `admimg` [ RunTime:0.0025s ]
SQL: SELECT * FROM `admimg` WHERE ( type=1 ) LIMIT 1   [ RunTime:0.0000s ]
SQL: SHOW COLUMNS FROM `peopleandbook` [ RunTime:0.0025s ]
SQL: SELECT * FROM `peopleandbook` WHERE ( id=11 ) LIMIT 1   [ RunTime:0.0000s ]
INFO: [ view_parse ] --START--
INFO: [ template_filter ] --START--
INFO: Run Behavior\ContentReplaceBehavior [ RunTime:0.000000s ]
INFO: [ template_filter ] --END-- [ RunTime:0.000000s ]
INFO: Run Behavior\ParseTemplateBehavior [ RunTime:0.010000s ]
INFO: [ view_parse ] --END-- [ RunTime:0.010000s ]
INFO: [ view_filter ] --START--
INFO: Run Behavior\WriteHtmlCacheBehavior [ RunTime:0.000000s ]
INFO: [ view_filter ] --END-- [ RunTime:0.000000s ]
INFO: [ app_end ] --START--
INFO: Run Behavior\ShowPageTraceBehavior [ RunTime:0.002500s ]
INFO: [ app_end ] --END-- [ RunTime:0.002500s ]

[ 2019-01-04T17:53:20+08:00 ] ::1 /309/
INFO: [ app_init ] --START--
INFO: Run Behavior\BuildLiteBehavior [ RunTime:0.000000s ]
INFO: [ app_init ] --END-- [ RunTime:0.000000s ]
INFO: [ app_begin ] --START--
INFO: Run Behavior\ReadHtmlCacheBehavior [ RunTime:0.002500s ]
INFO: [ app_begin ] --END-- [ RunTime:0.002500s ]
SQL: SHOW COLUMNS FROM `contactus` [ RunTime:0.0050s ]
SQL: SELECT * FROM `contactus` LIMIT 1   [ RunTime:0.0000s ]
SQL: SHOW COLUMNS FROM `admimg` [ RunTime:0.0075s ]
SQL: SELECT * FROM `admimg` WHERE ( type=1 ) LIMIT 1   [ RunTime:0.0000s ]
SQL: SELECT * FROM `admimg` WHERE ( type=0 )  [ RunTime:0.0000s ]
SQL: SELECT * FROM `admimg` WHERE ( type=10 ) LIMIT 1   [ RunTime:0.0000s ]
SQL: SELECT * FROM `admimg` WHERE ( type=2 ) LIMIT 1   [ RunTime:0.0025s ]
SQL: SELECT * FROM `admimg` WHERE ( type=3 ) LIMIT 1   [ RunTime:0.0000s ]
SQL: SHOW COLUMNS FROM `info` [ RunTime:0.0050s ]
SQL: SELECT `title`,`infoid` FROM `info` ORDER BY dateandtime desc LIMIT 7   [ RunTime:0.0025s ]
SQL: SHOW COLUMNS FROM `academic` [ RunTime:0.0025s ]
SQL: SELECT `title`,`id`,`header`,`imgpath`,`dateandtime` FROM `academic` ORDER BY dateandtime desc LIMIT 3   [ RunTime:0.0000s ]
SQL: SHOW COLUMNS FROM `paper` [ RunTime:0.0050s ]
SQL: SELECT `title`,`id` FROM `paper` WHERE ( type=0 ) ORDER BY dateandtime desc LIMIT 7   [ RunTime:0.0000s ]
SQL: SELECT `title`,`id` FROM `paper` WHERE ( type=1 ) ORDER BY dateandtime desc LIMIT 7   [ RunTime:0.0000s ]
INFO: [ view_parse ] --START--
INFO: [ template_filter ] --START--
INFO: Run Behavior\ContentReplaceBehavior [ RunTime:0.000000s ]
INFO: [ template_filter ] --END-- [ RunTime:0.000000s ]
INFO: Run Behavior\ParseTemplateBehavior [ RunTime:0.015001s ]
INFO: [ view_parse ] --END-- [ RunTime:0.015001s ]
INFO: [ view_filter ] --START--
INFO: Run Behavior\WriteHtmlCacheBehavior [ RunTime:0.002500s ]
INFO: [ view_filter ] --END-- [ RunTime:0.002500s ]
INFO: [ app_end ] --START--
INFO: Run Behavior\ShowPageTraceBehavior [ RunTime:0.002500s ]
INFO: [ app_end ] --END-- [ RunTime:0.002500s ]

[ 2019-01-04T17:53:21+08:00 ] ::1 /309/index.php?s=Teachers/index
INFO: [ app_init ] --START--
INFO: Run Behavior\BuildLiteBehavior [ RunTime:0.000000s ]
INFO: [ app_init ] --END-- [ RunTime:0.000000s ]
INFO: [ app_begin ] --START--
INFO: Run Behavior\ReadHtmlCacheBehavior [ RunTime:0.002500s ]
INFO: [ app_begin ] --END-- [ RunTime:0.002500s ]
SQL: SHOW COLUMNS FROM `contactus` [ RunTime:0.0025s ]
SQL: SELECT * FROM `contactus` LIMIT 1   [ RunTime:0.0000s ]
SQL: SHOW COLUMNS FROM `admimg` [ RunTime:0.0050s ]
SQL: SELECT * FROM `admimg` WHERE ( type=1 ) LIMIT 1   [ RunTime:0.0000s ]
SQL: SHOW COLUMNS FROM `peopleandbook` [ RunTime:0.0050s ]
SQL: SELECT `name`,`id`,`imgpath` FROM `peopleandbook` WHERE ( type=1 )  [ RunTime:0.0000s ]
INFO: [ view_parse ] --START--
INFO: [ template_filter ] --START--
INFO: Run Behavior\ContentReplaceBehavior [ RunTime:0.000000s ]
INFO: [ template_filter ] --END-- [ RunTime:0.002500s ]
INFO: Run Behavior\ParseTemplateBehavior [ RunTime:0.010000s ]
INFO: [ view_parse ] --END-- [ RunTime:0.010000s ]
INFO: [ view_filter ] --START--
INFO: Run Behavior\WriteHtmlCacheBehavior [ RunTime:0.002500s ]
INFO: [ view_filter ] --END-- [ RunTime:0.002500s ]
INFO: [ app_end ] --START--
INFO: Run Behavior\ShowPageTraceBehavior [ RunTime:0.000000s ]
INFO: [ app_end ] --END-- [ RunTime:0.000000s ]

[ 2019-01-04T18:03:34+08:00 ] ::1 /309/index.php?s=Teachers/index
INFO: [ app_init ] --START--
INFO: Run Behavior\BuildLiteBehavior [ RunTime:0.000000s ]
INFO: [ app_init ] --END-- [ RunTime:0.001000s ]
INFO: [ app_begin ] --START--
INFO: Run Behavior\ReadHtmlCacheBehavior [ RunTime:0.001000s ]
INFO: [ app_begin ] --END-- [ RunTime:0.001000s ]
SQL: SHOW COLUMNS FROM `contactus` [ RunTime:0.0040s ]
SQL: SELECT * FROM `contactus` LIMIT 1   [ RunTime:0.0010s ]
SQL: SHOW COLUMNS FROM `admimg` [ RunTime:0.0040s ]
SQL: SELECT * FROM `admimg` WHERE ( type=1 ) LIMIT 1   [ RunTime:0.0010s ]
SQL: SHOW COLUMNS FROM `peopleandbook` [ RunTime:0.0030s ]
SQL: SELECT `name`,`id`,`imgpath` FROM `peopleandbook` WHERE ( type=1 )  [ RunTime:0.0000s ]
INFO: [ view_parse ] --START--
INFO: [ template_filter ] --START--
INFO: Run Behavior\ContentReplaceBehavior [ RunTime:0.000000s ]
INFO: [ template_filter ] --END-- [ RunTime:0.001000s ]
INFO: Run Behavior\ParseTemplateBehavior [ RunTime:0.010001s ]
INFO: [ view_parse ] --END-- [ RunTime:0.010001s ]
INFO: [ view_filter ] --START--
INFO: Run Behavior\WriteHtmlCacheBehavior [ RunTime:0.001000s ]
INFO: [ view_filter ] --END-- [ RunTime:0.001000s ]
INFO: [ app_end ] --START--
INFO: Run Behavior\ShowPageTraceBehavior [ RunTime:0.001000s ]
INFO: [ app_end ] --END-- [ RunTime:0.001000s ]

[ 2019-01-04T18:16:56+08:00 ] ::1 /309/index.php?s=Teachers/index
INFO: [ app_init ] --START--
INFO: Run Behavior\BuildLiteBehavior [ RunTime:0.000000s ]
INFO: [ app_init ] --END-- [ RunTime:0.000000s ]
INFO: [ app_begin ] --START--
INFO: Run Behavior\ReadHtmlCacheBehavior [ RunTime:0.002000s ]
INFO: [ app_begin ] --END-- [ RunTime:0.002000s ]
SQL: SHOW COLUMNS FROM `contactus` [ RunTime:0.0040s ]
SQL: SELECT * FROM `contactus` LIMIT 1   [ RunTime:0.0000s ]
SQL: SHOW COLUMNS FROM `admimg` [ RunTime:0.0040s ]
SQL: SELECT * FROM `admimg` WHERE ( type=1 ) LIMIT 1   [ RunTime:0.0000s ]
SQL: SHOW COLUMNS FROM `peopleandbook` [ RunTime:0.0040s ]
SQL: SELECT `name`,`id`,`imgpath` FROM `peopleandbook` WHERE ( type=1 )  [ RunTime:0.0010s ]
INFO: [ view_parse ] --START--
INFO: [ template_filter ] --START--
INFO: Run Behavior\ContentReplaceBehavior [ RunTime:0.000000s ]
INFO: [ template_filter ] --END-- [ RunTime:0.000000s ]
INFO: Run Behavior\ParseTemplateBehavior [ RunTime:0.012001s ]
INFO: [ view_parse ] --END-- [ RunTime:0.012001s ]
INFO: [ view_filter ] --START--
INFO: Run Behavior\WriteHtmlCacheBehavior [ RunTime:0.000000s ]
INFO: [ view_filter ] --END-- [ RunTime:0.001000s ]
INFO: [ app_end ] --START--
INFO: Run Behavior\ShowPageTraceBehavior [ RunTime:0.001000s ]
INFO: [ app_end ] --END-- [ RunTime:0.001000s ]

[ 2019-01-04T18:16:57+08:00 ] ::1 /309/index.php/Teachers/details/cid/12
INFO: [ app_init ] --START--
INFO: Run Behavior\BuildLiteBehavior [ RunTime:0.000000s ]
INFO: [ app_init ] --END-- [ RunTime:0.001000s ]
INFO: [ app_begin ] --START--
INFO: Run Behavior\ReadHtmlCacheBehavior [ RunTime:0.001000s ]
INFO: [ app_begin ] --END-- [ RunTime:0.001000s ]
SQL: SHOW COLUMNS FROM `contactus` [ RunTime:0.0030s ]
SQL: SELECT * FROM `contactus` LIMIT 1   [ RunTime:0.0000s ]
SQL: SHOW COLUMNS FROM `admimg` [ RunTime:0.0040s ]
SQL: SELECT * FROM `admimg` WHERE ( type=1 ) LIMIT 1   [ RunTime:0.0000s ]
SQL: SHOW COLUMNS FROM `peopleandbook` [ RunTime:0.0050s ]
SQL: SELECT * FROM `peopleandbook` WHERE ( id=12 ) LIMIT 1   [ RunTime:0.0000s ]
INFO: [ view_parse ] --START--
INFO: [ template_filter ] --START--
INFO: Run Behavior\ContentReplaceBehavior [ RunTime:0.000000s ]
INFO: [ template_filter ] --END-- [ RunTime:0.000000s ]
INFO: Run Behavior\ParseTemplateBehavior [ RunTime:0.010000s ]
INFO: [ view_parse ] --END-- [ RunTime:0.010000s ]
INFO: [ view_filter ] --START--
INFO: Run Behavior\WriteHtmlCacheBehavior [ RunTime:0.001000s ]
INFO: [ view_filter ] --END-- [ RunTime:0.001000s ]
INFO: [ app_end ] --START--
INFO: Run Behavior\ShowPageTraceBehavior [ RunTime:0.001001s ]
INFO: [ app_end ] --END-- [ RunTime:0.001001s ]

[ 2019-01-04T18:17:54+08:00 ] ::1 /309/index.php?s=Teachers/index
INFO: [ app_init ] --START--
INFO: Run Behavior\BuildLiteBehavior [ RunTime:0.001000s ]
INFO: [ app_init ] --END-- [ RunTime:0.001000s ]
INFO: [ app_begin ] --START--
INFO: Run Behavior\ReadHtmlCacheBehavior [ RunTime:0.002001s ]
INFO: [ app_begin ] --END-- [ RunTime:0.002001s ]
SQL: SHOW COLUMNS FROM `contactus` [ RunTime:0.0050s ]
SQL: SELECT * FROM `contactus` LIMIT 1   [ RunTime:0.0000s ]
SQL: SHOW COLUMNS FROM `admimg` [ RunTime:0.0030s ]
SQL: SELECT * FROM `admimg` WHERE ( type=1 ) LIMIT 1   [ RunTime:0.0010s ]
SQL: SHOW COLUMNS FROM `peopleandbook` [ RunTime:0.0030s ]
SQL: SELECT `name`,`id`,`imgpath` FROM `peopleandbook` WHERE ( type=1 )  [ RunTime:0.0000s ]
INFO: [ view_parse ] --START--
INFO: [ template_filter ] --START--
INFO: Run Behavior\ContentReplaceBehavior [ RunTime:0.000000s ]
INFO: [ template_filter ] --END-- [ RunTime:0.000000s ]
INFO: Run Behavior\ParseTemplateBehavior [ RunTime:0.012001s ]
INFO: [ view_parse ] --END-- [ RunTime:0.012001s ]
INFO: [ view_filter ] --START--
INFO: Run Behavior\WriteHtmlCacheBehavior [ RunTime:0.001000s ]
INFO: [ view_filter ] --END-- [ RunTime:0.001000s ]
INFO: [ app_end ] --START--
INFO: Run Behavior\ShowPageTraceBehavior [ RunTime:0.001000s ]
INFO: [ app_end ] --END-- [ RunTime:0.001000s ]

[ 2019-01-04T18:36:04+08:00 ] 127.0.0.1 /309/
INFO: [ app_init ] --START--
INFO: Run Behavior\BuildLiteBehavior [ RunTime:0.000000s ]
INFO: [ app_init ] --END-- [ RunTime:0.001000s ]
INFO: [ app_begin ] --START--
INFO: Run Behavior\ReadHtmlCacheBehavior [ RunTime:0.002000s ]
INFO: [ app_begin ] --END-- [ RunTime:0.002000s ]
SQL: SHOW COLUMNS FROM `contactus` [ RunTime:0.0040s ]
SQL: SELECT * FROM `contactus` LIMIT 1   [ RunTime:0.0000s ]
SQL: SHOW COLUMNS FROM `admimg` [ RunTime:0.0050s ]
SQL: SELECT * FROM `admimg` WHERE ( type=1 ) LIMIT 1   [ RunTime:0.0010s ]
SQL: SELECT * FROM `admimg` WHERE ( type=0 )  [ RunTime:0.0010s ]
SQL: SELECT * FROM `admimg` WHERE ( type=10 ) LIMIT 1   [ RunTime:0.0000s ]
SQL: SELECT * FROM `admimg` WHERE ( type=2 ) LIMIT 1   [ RunTime:0.0000s ]
SQL: SELECT * FROM `admimg` WHERE ( type=3 ) LIMIT 1   [ RunTime:0.0000s ]
SQL: SHOW COLUMNS FROM `info` [ RunTime:0.0060s ]
SQL: SELECT `title`,`infoid` FROM `info` ORDER BY dateandtime desc LIMIT 7   [ RunTime:0.0000s ]
SQL: SHOW COLUMNS FROM `academic` [ RunTime:0.0090s ]
SQL: SELECT `title`,`id`,`header`,`imgpath`,`dateandtime` FROM `academic` ORDER BY dateandtime desc LIMIT 3   [ RunTime:0.0000s ]
SQL: SHOW COLUMNS FROM `paper` [ RunTime:0.0050s ]
SQL: SELECT `title`,`id` FROM `paper` WHERE ( type=0 ) ORDER BY dateandtime desc LIMIT 7   [ RunTime:0.0010s ]
SQL: SELECT `title`,`id` FROM `paper` WHERE ( type=1 ) ORDER BY dateandtime desc LIMIT 7   [ RunTime:0.0010s ]
INFO: [ view_parse ] --START--
INFO: [ template_filter ] --START--
INFO: Run Behavior\ContentReplaceBehavior [ RunTime:0.000000s ]
INFO: [ template_filter ] --END-- [ RunTime:0.000000s ]
INFO: Run Behavior\ParseTemplateBehavior [ RunTime:0.023001s ]
INFO: [ view_parse ] --END-- [ RunTime:0.023001s ]
INFO: [ view_filter ] --START--
INFO: Run Behavior\WriteHtmlCacheBehavior [ RunTime:0.002001s ]
INFO: [ view_filter ] --END-- [ RunTime:0.002001s ]
INFO: [ app_end ] --START--
INFO: Run Behavior\ShowPageTraceBehavior [ RunTime:0.003000s ]
INFO: [ app_end ] --END-- [ RunTime:0.003000s ]

[ 2019-01-04T18:50:03+08:00 ] ::1 /309/
INFO: [ app_init ] --START--
INFO: Run Behavior\BuildLiteBehavior [ RunTime:0.000000s ]
INFO: [ app_init ] --END-- [ RunTime:0.001000s ]
INFO: [ app_begin ] --START--
INFO: Run Behavior\ReadHtmlCacheBehavior [ RunTime:0.002000s ]
INFO: [ app_begin ] --END-- [ RunTime:0.002000s ]
SQL: SHOW COLUMNS FROM `contactus` [ RunTime:0.0050s ]
SQL: SELECT * FROM `contactus` LIMIT 1   [ RunTime:0.0030s ]
SQL: SHOW COLUMNS FROM `admimg` [ RunTime:0.0070s ]
SQL: SELECT * FROM `admimg` WHERE ( type=1 ) LIMIT 1   [ RunTime:0.0010s ]
SQL: SELECT * FROM `admimg` WHERE ( type=0 )  [ RunTime:0.0010s ]
SQL: SELECT * FROM `admimg` WHERE ( type=10 ) LIMIT 1   [ RunTime:0.0000s ]
SQL: SELECT * FROM `admimg` WHERE ( type=2 ) LIMIT 1   [ RunTime:0.0010s ]
SQL: SELECT * FROM `admimg` WHERE ( type=3 ) LIMIT 1   [ RunTime:0.0000s ]
SQL: SHOW COLUMNS FROM `info` [ RunTime:0.0060s ]
SQL: SELECT `title`,`infoid` FROM `info` ORDER BY dateandtime desc LIMIT 7   [ RunTime:0.0010s ]
SQL: SHOW COLUMNS FROM `academic` [ RunTime:0.0080s ]
SQL: SELECT `title`,`id`,`header`,`imgpath`,`dateandtime` FROM `academic` ORDER BY dateandtime desc LIMIT 3   [ RunTime:0.0010s ]
SQL: SHOW COLUMNS FROM `paper` [ RunTime:0.0060s ]
SQL: SELECT `title`,`id` FROM `paper` WHERE ( type=0 ) ORDER BY dateandtime desc LIMIT 7   [ RunTime:0.0010s ]
SQL: SELECT `title`,`id` FROM `paper` WHERE ( type=1 ) ORDER BY dateandtime desc LIMIT 7   [ RunTime:0.0000s ]
INFO: [ view_parse ] --START--
INFO: [ template_filter ] --START--
INFO: Run Behavior\ContentReplaceBehavior [ RunTime:0.000000s ]
INFO: [ template_filter ] --END-- [ RunTime:0.000000s ]
INFO: Run Behavior\ParseTemplateBehavior [ RunTime:0.030002s ]
INFO: [ view_parse ] --END-- [ RunTime:0.030002s ]
INFO: [ view_filter ] --START--
INFO: Run Behavior\WriteHtmlCacheBehavior [ RunTime:0.002000s ]
INFO: [ view_filter ] --END-- [ RunTime:0.002000s ]
INFO: [ app_end ] --START--
INFO: Run Behavior\ShowPageTraceBehavior [ RunTime:0.004000s ]
INFO: [ app_end ] --END-- [ RunTime:0.004000s ]

[ 2019-01-04T18:50:05+08:00 ] ::1 /309/index.php?s=Teachers/index
INFO: [ app_init ] --START--
INFO: Run Behavior\BuildLiteBehavior [ RunTime:0.000000s ]
INFO: [ app_init ] --END-- [ RunTime:0.000000s ]
INFO: [ app_begin ] --START--
INFO: Run Behavior\ReadHtmlCacheBehavior [ RunTime:0.002000s ]
INFO: [ app_begin ] --END-- [ RunTime:0.002000s ]
SQL: SHOW COLUMNS FROM `contactus` [ RunTime:0.0040s ]
SQL: SELECT * FROM `contactus` LIMIT 1   [ RunTime:0.0000s ]
SQL: SHOW COLUMNS FROM `admimg` [ RunTime:0.0040s ]
SQL: SELECT * FROM `admimg` WHERE ( type=1 ) LIMIT 1   [ RunTime:0.0000s ]
SQL: SHOW COLUMNS FROM `peopleandbook` [ RunTime:0.0040s ]
SQL: SELECT `name`,`id`,`imgpath` FROM `peopleandbook` WHERE ( type=1 )  [ RunTime:0.0000s ]
INFO: [ view_parse ] --START--
INFO: [ template_filter ] --START--
INFO: Run Behavior\ContentReplaceBehavior [ RunTime:0.000000s ]
INFO: [ template_filter ] --END-- [ RunTime:0.000000s ]
INFO: Run Behavior\ParseTemplateBehavior [ RunTime:0.012000s ]
INFO: [ view_parse ] --END-- [ RunTime:0.012000s ]
INFO: [ view_filter ] --START--
INFO: Run Behavior\WriteHtmlCacheBehavior [ RunTime:0.001001s ]
INFO: [ view_filter ] --END-- [ RunTime:0.001001s ]
INFO: [ app_end ] --START--
INFO: Run Behavior\ShowPageTraceBehavior [ RunTime:0.001000s ]
INFO: [ app_end ] --END-- [ RunTime:0.001000s ]

[ 2019-01-04T18:50:06+08:00 ] ::1 /309/index.php/Teachers/details/cid/13
INFO: [ app_init ] --START--
INFO: Run Behavior\BuildLiteBehavior [ RunTime:0.000000s ]
INFO: [ app_init ] --END-- [ RunTime:0.000000s ]
INFO: [ app_begin ] --START--
INFO: Run Behavior\ReadHtmlCacheBehavior [ RunTime:0.002000s ]
INFO: [ app_begin ] --END-- [ RunTime:0.002000s ]
SQL: SHOW COLUMNS FROM `contactus` [ RunTime:0.0040s ]
SQL: SELECT * FROM `contactus` LIMIT 1   [ RunTime:0.0000s ]
SQL: SHOW COLUMNS FROM `admimg` [ RunTime:0.0040s ]
SQL: SELECT * FROM `admimg` WHERE ( type=1 ) LIMIT 1   [ RunTime:0.0010s ]
SQL: SHOW COLUMNS FROM `peopleandbook` [ RunTime:0.0040s ]
SQL: SELECT * FROM `peopleandbook` WHERE ( id=13 ) LIMIT 1   [ RunTime:0.0000s ]
INFO: [ view_parse ] --START--
INFO: [ template_filter ] --START--
INFO: Run Behavior\ContentReplaceBehavior [ RunTime:0.000000s ]
INFO: [ template_filter ] --END-- [ RunTime:0.000000s ]
INFO: Run Behavior\ParseTemplateBehavior [ RunTime:0.011000s ]
INFO: [ view_parse ] --END-- [ RunTime:0.011000s ]
INFO: [ view_filter ] --START--
INFO: Run Behavior\WriteHtmlCacheBehavior [ RunTime:0.001000s ]
INFO: [ view_filter ] --END-- [ RunTime:0.001000s ]
INFO: [ app_end ] --START--
INFO: Run Behavior\ShowPageTraceBehavior [ RunTime:0.001000s ]
INFO: [ app_end ] --END-- [ RunTime:0.001000s ]

[ 2019-01-04T18:50:23+08:00 ] ::1 /309/index.php?s=Teachers/index
INFO: [ app_init ] --START--
INFO: Run Behavior\BuildLiteBehavior [ RunTime:0.000000s ]
INFO: [ app_init ] --END-- [ RunTime:0.001000s ]
INFO: [ app_begin ] --START--
INFO: Run Behavior\ReadHtmlCacheBehavior [ RunTime:0.003001s ]
INFO: [ app_begin ] --END-- [ RunTime:0.003001s ]
SQL: SHOW COLUMNS FROM `contactus` [ RunTime:0.0050s ]
SQL: SELECT * FROM `contactus` LIMIT 1   [ RunTime:0.0000s ]
SQL: SHOW COLUMNS FROM `admimg` [ RunTime:0.0040s ]
SQL: SELECT * FROM `admimg` WHERE ( type=1 ) LIMIT 1   [ RunTime:0.0010s ]
SQL: SHOW COLUMNS FROM `peopleandbook` [ RunTime:0.0040s ]
SQL: SELECT `name`,`id`,`imgpath` FROM `peopleandbook` WHERE ( type=1 )  [ RunTime:0.0010s ]
INFO: [ view_parse ] --START--
INFO: [ template_filter ] --START--
INFO: Run Behavior\ContentReplaceBehavior [ RunTime:0.000000s ]
INFO: [ template_filter ] --END-- [ RunTime:0.000000s ]
INFO: Run Behavior\ParseTemplateBehavior [ RunTime:0.014001s ]
INFO: [ view_parse ] --END-- [ RunTime:0.014001s ]
INFO: [ view_filter ] --START--
INFO: Run Behavior\WriteHtmlCacheBehavior [ RunTime:0.001000s ]
INFO: [ view_filter ] --END-- [ RunTime:0.001000s ]
INFO: [ app_end ] --START--
INFO: Run Behavior\ShowPageTraceBehavior [ RunTime:0.001000s ]
INFO: [ app_end ] --END-- [ RunTime:0.001000s ]

[ 2019-01-04T22:08:49+08:00 ] ::1 /309/
INFO: [ app_init ] --START--
INFO: Run Behavior\BuildLiteBehavior [ RunTime:0.000000s ]
INFO: [ app_init ] --END-- [ RunTime:0.001000s ]
INFO: [ app_begin ] --START--
INFO: Run Behavior\ReadHtmlCacheBehavior [ RunTime:0.001000s ]
INFO: [ app_begin ] --END-- [ RunTime:0.001000s ]
SQL: SHOW COLUMNS FROM `contactus` [ RunTime:0.0190s ]
SQL: SELECT * FROM `contactus` LIMIT 1   [ RunTime:0.0010s ]
SQL: SHOW COLUMNS FROM `admimg` [ RunTime:0.0180s ]
SQL: SELECT * FROM `admimg` WHERE ( type=1 ) LIMIT 1   [ RunTime:0.0000s ]
SQL: SELECT * FROM `admimg` WHERE ( type=0 )  [ RunTime:0.0000s ]
SQL: SELECT * FROM `admimg` WHERE ( type=10 ) LIMIT 1   [ RunTime:0.0000s ]
SQL: SELECT * FROM `admimg` WHERE ( type=2 ) LIMIT 1   [ RunTime:0.0000s ]
SQL: SELECT * FROM `admimg` WHERE ( type=3 ) LIMIT 1   [ RunTime:0.0000s ]
SQL: SHOW COLUMNS FROM `info` [ RunTime:0.0040s ]
SQL: SELECT `title`,`infoid` FROM `info` ORDER BY dateandtime desc LIMIT 7   [ RunTime:0.0000s ]
SQL: SHOW COLUMNS FROM `academic` [ RunTime:0.0050s ]
SQL: SELECT `title`,`id`,`header`,`imgpath`,`dateandtime` FROM `academic` ORDER BY dateandtime desc LIMIT 3   [ RunTime:0.0010s ]
SQL: SHOW COLUMNS FROM `paper` [ RunTime:0.0230s ]
SQL: SELECT `title`,`id` FROM `paper` WHERE ( type=0 ) ORDER BY dateandtime desc LIMIT 7   [ RunTime:0.0000s ]
SQL: SELECT `title`,`id` FROM `paper` WHERE ( type=1 ) ORDER BY dateandtime desc LIMIT 7   [ RunTime:0.0000s ]
INFO: [ view_parse ] --START--
INFO: [ template_filter ] --START--
INFO: Run Behavior\ContentReplaceBehavior [ RunTime:0.000000s ]
INFO: [ template_filter ] --END-- [ RunTime:0.000000s ]
INFO: Run Behavior\ParseTemplateBehavior [ RunTime:0.015001s ]
INFO: [ view_parse ] --END-- [ RunTime:0.015001s ]
INFO: [ view_filter ] --START--
INFO: Run Behavior\WriteHtmlCacheBehavior [ RunTime:0.001000s ]
INFO: [ view_filter ] --END-- [ RunTime:0.001000s ]
INFO: [ app_end ] --START--
INFO: Run Behavior\ShowPageTraceBehavior [ RunTime:0.002000s ]
INFO: [ app_end ] --END-- [ RunTime:0.002000s ]

[ 2019-01-04T22:08:58+08:00 ] ::1 /309/
INFO: [ app_init ] --START--
INFO: Run Behavior\BuildLiteBehavior [ RunTime:0.000000s ]
INFO: [ app_init ] --END-- [ RunTime:0.000000s ]
INFO: [ app_begin ] --START--
INFO: Run Behavior\ReadHtmlCacheBehavior [ RunTime:0.001000s ]
INFO: [ app_begin ] --END-- [ RunTime:0.001000s ]
SQL: SHOW COLUMNS FROM `contactus` [ RunTime:0.0040s ]
SQL: SELECT * FROM `contactus` LIMIT 1   [ RunTime:0.0010s ]
SQL: SHOW COLUMNS FROM `admimg` [ RunTime:0.0040s ]
SQL: SELECT * FROM `admimg` WHERE ( type=1 ) LIMIT 1   [ RunTime:0.0000s ]
SQL: SELECT * FROM `admimg` WHERE ( type=0 )  [ RunTime:0.0000s ]
SQL: SELECT * FROM `admimg` WHERE ( type=10 ) LIMIT 1   [ RunTime:0.0000s ]
SQL: SELECT * FROM `admimg` WHERE ( type=2 ) LIMIT 1   [ RunTime:0.0000s ]
SQL: SELECT * FROM `admimg` WHERE ( type=3 ) LIMIT 1   [ RunTime:0.0000s ]
SQL: SHOW COLUMNS FROM `info` [ RunTime:0.0040s ]
SQL: SELECT `title`,`infoid` FROM `info` ORDER BY dateandtime desc LIMIT 7   [ RunTime:0.0010s ]
SQL: SHOW COLUMNS FROM `academic` [ RunTime:0.0030s ]
SQL: SELECT `title`,`id`,`header`,`imgpath`,`dateandtime` FROM `academic` ORDER BY dateandtime desc LIMIT 3   [ RunTime:0.0010s ]
SQL: SHOW COLUMNS FROM `paper` [ RunTime:0.0040s ]
SQL: SELECT `title`,`id` FROM `paper` WHERE ( type=0 ) ORDER BY dateandtime desc LIMIT 7   [ RunTime:0.0010s ]
SQL: SELECT `title`,`id` FROM `paper` WHERE ( type=1 ) ORDER BY dateandtime desc LIMIT 7   [ RunTime:0.0000s ]
INFO: [ view_parse ] --START--
INFO: [ template_filter ] --START--
INFO: Run Behavior\ContentReplaceBehavior [ RunTime:0.001000s ]
INFO: [ template_filter ] --END-- [ RunTime:0.001000s ]
INFO: Run Behavior\ParseTemplateBehavior [ RunTime:0.015001s ]
INFO: [ view_parse ] --END-- [ RunTime:0.015001s ]
INFO: [ view_filter ] --START--
INFO: Run Behavior\WriteHtmlCacheBehavior [ RunTime:0.001000s ]
INFO: [ view_filter ] --END-- [ RunTime:0.001000s ]
INFO: [ app_end ] --START--
INFO: Run Behavior\ShowPageTraceBehavior [ RunTime:0.003001s ]
INFO: [ app_end ] --END-- [ RunTime:0.003001s ]

